1757251681453:hello-world
1757252568477:pokedex
1757256002892:pokedex pikachu
1757256211628:pokedex zubat
1757256285037:pokedex pikachu
1757256289467:pokedex bulbasaur
1757256313828:pokedex lugia
1757256705390:pokedex zubat
1757256713143:pokedex bayleaf
1757256807514:pokedex charizardcpokedex charizard
1757256822283:pokedex charizard
1757256827028:pokedex g
1757256975343:pokedex
1757257675265:pokedex bulbasaur
1757257733840:pokedex pikachu
1757257929945:pokedex
1757258084209:pokedex caterpi
1757258300228:pokedex pikachu
1757258877830:pokedex
1757259043409:pokedex caterpiepokedex pikachu
1757259073538:pokedex caterpie
1757259117184:pokedex "caterpie"pokdexpokedex
1757259166257:pokedex caterpie
1757259271320:nextnext
1757259275530:next
1757259490915:pokedex --name caterpie
1757259602962:next
1757263747008:pokedex pikachu
1757263751044:next
1757264151931:pikachu
1757264155389:pokedex pikachu
1757264161223:next --amount 10
1757264324904:pokedex pikachu
1757264333405:previous --amount 10
1757264729485:pokedex pikachu
1757265692680:pokedex garchomp
1757267728953:pokedex pikachu
1757270203249:previous
1757270701985:list
1757318545938:jk
1757318601629:list
1757318781272:interactive
1757318973435:listi
1757318975824:list
1757319526193:qqqqq
1757319531662:lsit
1757319532712:list
1757320384959:lists
1757320386682:list
1757323224884:mvn spring-boot:run -Dspring-boot.run.jvmArguments="--enable-native-access=ALL-UNNAMED"
1757323240262:list
1757324982948:lisst
1757324984434:list
1757330855071:exit
1757331072510:list
1757343772595:lisst
1757343773664:list
1757343853190:lists
1757343854436:list
1757345038048:lisst
1757345038934:list
1757347781435:exit
1757347797928:list
1757350552278:lisst
1757350553357:list
1757350852925:lisst
1757350853804:list
1757357101445:lisst
1757357102750:list
1757357307061:lisst
1757357308094:list
1757362405449:lisst
1757362406635:list
1757362958975:lisst
1757362960160:list
1757399848895:theme style list
1757399856543:help
1757399911250:help theme
1757399918076:theme
1757400013707:theme info
1757400038803:help theme
1757400061273:ansi --list
1757400181746:help
1757400192727:printTheme
1757400220994:print-theme
1757400322020:quit
1757400437872:print-theme
1757400518402:list-theme
1757400522257:print-theme
1757401241652:list
1757401582531:print-theme
1757401585349:list
1757402142261:print-theme
1757402149471:list
1757402197656:print-theme
1757402199472:list
1757403669645:print-theme
1757403738427:list
1757403801551:print-theme
1757403803141:list
1757404422332:print-theme
1757404492021:list
1757404994795:print-theme
1757405014603:list
1757405050160:print-theme
1757405109568:list
1757405288206:print-theme
1757405290322:list
1757405532474:print-theme
1757405545611:list
1757406041836:print-theme
1757406114802:list
1757406325220:lisst
1757406328341:list
1757406659991:print-theme
1757406665982:list
1757406736181:lisst
1757406737548:list
1757408329935:print-theme
1757408581008:list
1757409195719:lits
1757409199192:list
1757411940628:lit
1757411941685:list
1757415500764:lisst
1757415501753:list
1757426588826:lisst
1757426590919:list
1757426683747:lit
1757426685420:list
1757426790672:lit
1757426791995:list
1757426999440:lists
1757427001226:list
1757427392389:lit
1757427393388:list
1757430751231:spring
1757430752911:list
